<?xml version="1.0" encoding="UTF-8"?>
<!-- Generated by org.testng.reporters.JUnitReportReporter -->
<testsuite hostname="DESKTOP-HHI39E0" failures="0" tests="1" name="pageObjectModel.Test" time="25.397" errors="1" timestamp="2020-02-25T21:06:09 IST" skipped="0">
  <testcase classname="pageObjectModel.Test" name="testmethod" time="25.397">
    <error message="session not created
from disconnected: not connected to DevTools
  (Session info: chrome=80.0.3987.122)
Build info: version: &#039;3.141.59&#039;, revision: &#039;e82be7d358&#039;, time: &#039;2018-11-14T08:17:03&#039;
System info: host: &#039;DESKTOP-HHI39E0&#039;, ip: &#039;192.168.0.103&#039;, os.name: &#039;Windows 10&#039;, os.arch: &#039;amd64&#039;, os.version: &#039;10.0&#039;, java.version: &#039;13.0.2&#039;
Driver info: driver.version: ChromeDriver
remote stacktrace: Backtrace:
	Ordinal0 [0x010C0C83+1707139]
	Ordinal0 [0x010268F1+1075441]
	Ordinal0 [0x00F9DFC9+516041]
	Ordinal0 [0x00F9522B+479787]
	Ordinal0 [0x00F955D5+480725]
	Ordinal0 [0x00F95035+479285]
	Ordinal0 [0x00F99E1C+499228]
	Ordinal0 [0x00F94FE8+479208]
	Ordinal0 [0x00F95A3B+481851]
	Ordinal0 [0x00F953AC+480172]
	Ordinal0 [0x00F955D5+480725]
	Ordinal0 [0x00F95035+479285]
	Ordinal0 [0x00F994B7+496823]
	Ordinal0 [0x00F94FE8+479208]
	Ordinal0 [0x00F95A3B+481851]
	Ordinal0 [0x00F953AC+480172]
	Ordinal0 [0x00F955D5+480725]
	Ordinal0 [0x00F95035+479285]
	Ordinal0 [0x00F91B5C+465756]
	Ordinal0 [0x00F94FE8+479208]
	Ordinal0 [0x00F94EC4+478916]
	Ordinal0 [0x00F9ECA0+519328]
	Ordinal0 [0x00F4CA67+182887]
	Ordinal0 [0x00F4BDDD+179677]
	Ordinal0 [0x00F49D4B+171339]
	Ordinal0 [0x00F31D4A+73034]
	Ordinal0 [0x00F32DC0+77248]
	Ordinal0 [0x00F32D59+77145]
	Ordinal0 [0x0103BB67+1162087]
	GetHandleVerifier [0x0115A966+508998]
	GetHandleVerifier [0x0115A6A4+508292]
	GetHandleVerifier [0x0116F7B7+594583]
	GetHandleVerifier [0x0115B1D6+511158]
	Ordinal0 [0x0103402C+1130540]
	Ordinal0 [0x0103D4CB+1168587]
	Ordinal0 [0x0103D633+1168947]
	Ordinal0 [0x01055B35+1268533]
	BaseThreadInitThunk [0x75316359+25]
	RtlGetAppContainerNamedObjectPath [0x773E7B74+228]
	RtlGetAppContainerNamedObjectPath [0x773E7B44+180]
" type="org.openqa.selenium.SessionNotCreatedException">
      <![CDATA[org.openqa.selenium.SessionNotCreatedException: session not created
from disconnected: not connected to DevTools
  (Session info: chrome=80.0.3987.122)
Build info: version: '3.141.59', revision: 'e82be7d358', time: '2018-11-14T08:17:03'
System info: host: 'DESKTOP-HHI39E0', ip: '192.168.0.103', os.name: 'Windows 10', os.arch: 'amd64', os.version: '10.0', java.version: '13.0.2'
Driver info: driver.version: ChromeDriver
remote stacktrace: Backtrace:
Ordinal0 [0x010C0C83+1707139]
Ordinal0 [0x010268F1+1075441]
Ordinal0 [0x00F9DFC9+516041]
Ordinal0 [0x00F9522B+479787]
Ordinal0 [0x00F955D5+480725]
Ordinal0 [0x00F95035+479285]
Ordinal0 [0x00F99E1C+499228]
Ordinal0 [0x00F94FE8+479208]
Ordinal0 [0x00F95A3B+481851]
Ordinal0 [0x00F953AC+480172]
Ordinal0 [0x00F955D5+480725]
Ordinal0 [0x00F95035+479285]
Ordinal0 [0x00F994B7+496823]
Ordinal0 [0x00F94FE8+479208]
Ordinal0 [0x00F95A3B+481851]
Ordinal0 [0x00F953AC+480172]
Ordinal0 [0x00F955D5+480725]
Ordinal0 [0x00F95035+479285]
Ordinal0 [0x00F91B5C+465756]
Ordinal0 [0x00F94FE8+479208]
Ordinal0 [0x00F94EC4+478916]
Ordinal0 [0x00F9ECA0+519328]
Ordinal0 [0x00F4CA67+182887]
Ordinal0 [0x00F4BDDD+179677]
Ordinal0 [0x00F49D4B+171339]
Ordinal0 [0x00F31D4A+73034]
Ordinal0 [0x00F32DC0+77248]
Ordinal0 [0x00F32D59+77145]
Ordinal0 [0x0103BB67+1162087]
GetHandleVerifier [0x0115A966+508998]
GetHandleVerifier [0x0115A6A4+508292]
GetHandleVerifier [0x0116F7B7+594583]
GetHandleVerifier [0x0115B1D6+511158]
Ordinal0 [0x0103402C+1130540]
Ordinal0 [0x0103D4CB+1168587]
Ordinal0 [0x0103D633+1168947]
Ordinal0 [0x01055B35+1268533]
BaseThreadInitThunk [0x75316359+25]
RtlGetAppContainerNamedObjectPath [0x773E7B74+228]
RtlGetAppContainerNamedObjectPath [0x773E7B44+180]

at java.base/jdk.internal.reflect.NativeConstructorAccessorImpl.newInstance0(Native Method)
at java.base/jdk.internal.reflect.NativeConstructorAccessorImpl.newInstance(NativeConstructorAccessorImpl.java:62)
at java.base/jdk.internal.reflect.DelegatingConstructorAccessorImpl.newInstance(DelegatingConstructorAccessorImpl.java:45)
at java.base/java.lang.reflect.Constructor.newInstanceWithCaller(Constructor.java:500)
at java.base/java.lang.reflect.Constructor.newInstance(Constructor.java:481)
at org.openqa.selenium.remote.W3CHandshakeResponse.lambda$errorHandler$0(W3CHandshakeResponse.java:62)
at org.openqa.selenium.remote.HandshakeResponse.lambda$getResponseFunction$0(HandshakeResponse.java:30)
at org.openqa.selenium.remote.ProtocolHandshake.lambda$createSession$0(ProtocolHandshake.java:126)
at java.base/java.util.stream.ReferencePipeline$3$1.accept(ReferencePipeline.java:195)
at java.base/java.util.Spliterators$ArraySpliterator.tryAdvance(Spliterators.java:958)
at java.base/java.util.stream.ReferencePipeline.forEachWithCancel(ReferencePipeline.java:127)
at java.base/java.util.stream.AbstractPipeline.copyIntoWithCancel(AbstractPipeline.java:502)
at java.base/java.util.stream.AbstractPipeline.copyInto(AbstractPipeline.java:488)
at java.base/java.util.stream.AbstractPipeline.wrapAndCopyInto(AbstractPipeline.java:474)
at java.base/java.util.stream.FindOps$FindOp.evaluateSequential(FindOps.java:150)
at java.base/java.util.stream.AbstractPipeline.evaluate(AbstractPipeline.java:234)
at java.base/java.util.stream.ReferencePipeline.findFirst(ReferencePipeline.java:543)
at org.openqa.selenium.remote.ProtocolHandshake.createSession(ProtocolHandshake.java:128)
at org.openqa.selenium.remote.ProtocolHandshake.createSession(ProtocolHandshake.java:74)
at org.openqa.selenium.remote.HttpCommandExecutor.execute(HttpCommandExecutor.java:136)
at org.openqa.selenium.remote.service.DriverCommandExecutor.execute(DriverCommandExecutor.java:83)
at org.openqa.selenium.remote.RemoteWebDriver.execute(RemoteWebDriver.java:552)
at org.openqa.selenium.remote.RemoteWebDriver.startSession(RemoteWebDriver.java:213)
at org.openqa.selenium.remote.RemoteWebDriver.<init>(RemoteWebDriver.java:131)
at org.openqa.selenium.chrome.ChromeDriver.<init>(ChromeDriver.java:181)
at org.openqa.selenium.chrome.ChromeDriver.<init>(ChromeDriver.java:168)
at org.openqa.selenium.chrome.ChromeDriver.<init>(ChromeDriver.java:123)
at pageObjectModel.Test.testmethod(Test.java:13)
at java.base/jdk.internal.reflect.NativeMethodAccessorImpl.invoke0(Native Method)
at java.base/jdk.internal.reflect.NativeMethodAccessorImpl.invoke(NativeMethodAccessorImpl.java:62)
at java.base/jdk.internal.reflect.DelegatingMethodAccessorImpl.invoke(DelegatingMethodAccessorImpl.java:43)
at java.base/java.lang.reflect.Method.invoke(Method.java:567)
at org.testng.internal.MethodInvocationHelper.invokeMethod(MethodInvocationHelper.java:133)
at org.testng.internal.TestInvoker.invokeMethod(TestInvoker.java:584)
at org.testng.internal.TestInvoker.invokeTestMethod(TestInvoker.java:172)
at org.testng.internal.MethodRunner.runInSequence(MethodRunner.java:46)
at org.testng.internal.TestInvoker$MethodInvocationAgent.invoke(TestInvoker.java:804)
at org.testng.internal.TestInvoker.invokeTestMethods(TestInvoker.java:145)
at org.testng.internal.TestMethodWorker.invokeTestMethods(TestMethodWorker.java:146)
at org.testng.internal.TestMethodWorker.run(TestMethodWorker.java:128)
at java.base/java.util.ArrayList.forEach(ArrayList.java:1507)
at org.testng.TestRunner.privateRun(TestRunner.java:770)
at org.testng.TestRunner.run(TestRunner.java:591)
at org.testng.SuiteRunner.runTest(SuiteRunner.java:402)
at org.testng.SuiteRunner.runSequentially(SuiteRunner.java:396)
at org.testng.SuiteRunner.privateRun(SuiteRunner.java:355)
at org.testng.SuiteRunner.run(SuiteRunner.java:304)
at org.testng.SuiteRunnerWorker.runSuite(SuiteRunnerWorker.java:53)
at org.testng.SuiteRunnerWorker.run(SuiteRunnerWorker.java:96)
at org.testng.TestNG.runSuitesSequentially(TestNG.java:1180)
at org.testng.TestNG.runSuitesLocally(TestNG.java:1102)
at org.testng.TestNG.runSuites(TestNG.java:1032)
at org.testng.TestNG.run(TestNG.java:1000)
at org.testng.remote.AbstractRemoteTestNG.run(AbstractRemoteTestNG.java:115)
at org.testng.remote.RemoteTestNG.initAndRun(RemoteTestNG.java:251)
at org.testng.remote.RemoteTestNG.main(RemoteTestNG.java:77)
]]>
    </error>
  </testcase> <!-- testmethod -->
</testsuite> <!-- pageObjectModel.Test -->
